http://localhost:3000/webpack-dev-server/
webpack result is served from /
content is served from ./src
webpack: wait until bundle finished: /
Hash: [1m00b9d05dbb8fa99627d7[22m
Version: webpack [1m1.12.13[22m
Time: [1m7966[22mms
                                 [1mAsset[22m     [1mSize[22m  [1mChunks[22m  [1m[22m           [1mChunk Names[22m
 [1m[32mf137ee4862785a1518fb3056eccdc99b.woff[39m[22m  35.7 kB        [1m[22m  [1m[32m[emitted][39m[22m  
  [1m[32mc6187c672fdc003e668c5fafd6319bbe.png[39m[22m  65.2 kB        [1m[22m  [1m[32m[emitted][39m[22m  
  [1m[32mf4769f9bdb7466be65088239c12046d1.eot[39m[22m  20.1 kB        [1m[22m  [1m[32m[emitted][39m[22m  
  [1m[32m89889688147bd7575d6327160d64e760.svg[39m[22m   109 kB        [1m[22m  [1m[32m[emitted][39m[22m  
  [1m[32me18bbf611f2a2e43afc071aa2f4e1512.ttf[39m[22m  45.4 kB        [1m[22m  [1m[32m[emitted][39m[22m  
  [1m[32m45c73723862c6fc5eb3d6961db2d71fb.eot[39m[22m  68.9 kB        [1m[22m  [1m[32m[emitted][39m[22m  
  [1m[32m76a4f23c6be74fd309e0d0fd2c27a5de.svg[39m[22m   356 kB        [1m[22m  [1m[32m[emitted][39m[22m  
  [1m[32m7c87870ab40d63cfb8870c1f183f9939.ttf[39m[22m   138 kB        [1m[22m  [1m[32m[emitted][39m[22m  
  [1m[32mb9b7f23cb61b1f503e1249b63d980448.eot[39m[22m  55.8 kB        [1m[22m  [1m[32m[emitted][39m[22m  
  [1m[32m2781bf543c08d394dc78dec86989e3fd.svg[39m[22m   206 kB        [1m[22m  [1m[32m[emitted][39m[22m  
  [1m[32m2f3e9f80fff7d699dd3de6904d7d1647.ttf[39m[22m  55.6 kB        [1m[22m  [1m[32m[emitted][39m[22m  
 [1m[32mfa2772327f55d8198301fdb8bcfc8158.woff[39m[22m  23.4 kB        [1m[22m  [1m[32m[emitted][39m[22m  
[1m[32m448c34a56d699c29117adc64c43affeb.woff2[39m[22m    18 kB        [1m[22m  [1m[32m[emitted][39m[22m  
[1m[32m4b5a84aaf1c9485e060c503a0ff8cadb.woff2[39m[22m  64.5 kB        [1m[22m  [1m[32m[emitted][39m[22m  
 [1m[32mdfb02f8f6d0cedc009ee5887cc68f1f3.woff[39m[22m  81.3 kB        [1m[22m  [1m[32m[emitted][39m[22m  
[1m[32m6748e0e1c0bef825e16c649fd2ad5691.woff2[39m[22m  26.1 kB        [1m[22m  [1m[32m[emitted][39m[22m  
 [1m[32m5c5b445aed08fdee559c47925290c9a5.woff[39m[22m  28.5 kB        [1m[22m  [1m[32m[emitted][39m[22m  
[1m[32m5f662e8ae2643cb62d51bad100ac2d82.woff2[39m[22m  19.6 kB        [1m[22m  [1m[32m[emitted][39m[22m  
  [1m[32mc2d7ddce99445a82e1fac525cd6cfe84.png[39m[22m    46 kB        [1m[22m  [1m[32m[emitted][39m[22m  
[1m[32m3e86c4948704e8b9a85f00f98feb963f.woff2[39m[22m  25.4 kB        [1m[22m  [1m[32m[emitted][39m[22m  
[1m[32m649e18eb6a853f18e49f440ab64cdd55.woff2[39m[22m  25.6 kB        [1m[22m  [1m[32m[emitted][39m[22m  
 [1m[32m2fe180836fd24486f44525c55ec3d3d1.woff[39m[22m  36.7 kB        [1m[22m  [1m[32m[emitted][39m[22m  
[1m[32m50e49397acfe4a31c13cff50b90b89e6.woff2[39m[22m  27.1 kB        [1m[22m  [1m[32m[emitted][39m[22m  
 [1m[32m6f934cd8100db640286be1ff3d110977.woff[39m[22m  36.3 kB        [1m[22m  [1m[32m[emitted][39m[22m  
[1m[32m03e91f122aa5fd425abbe23c85546eb0.woff2[39m[22m  21.8 kB        [1m[22m  [1m[32m[emitted][39m[22m  
 [1m[32m65060723fe964f85afa0a82d0bb78cf9.woff[39m[22m  55.7 kB        [1m[22m  [1m[32m[emitted][39m[22m  
[1m[32mf8a9a7a93c2c322957c8d8b61929bfe5.woff2[39m[22m    27 kB        [1m[22m  [1m[32m[emitted][39m[22m  
 [1m[32ma8fc7661c63e697c2b71a11b93a6fcf4.woff[39m[22m  36.6 kB        [1m[22m  [1m[32m[emitted][39m[22m  
 [1m[32mfd373951a3af195dd62bbf05df656354.woff[39m[22m  35.9 kB        [1m[22m  [1m[32m[emitted][39m[22m  
  [1m[32m0dc864caf2e264f14d481235daea680a.jpg[39m[22m  60.7 kB        [1m[22m  [1m[32m[emitted][39m[22m  
  [1m[32m1d8298f031044a0c93e592e76ca96174.jpg[39m[22m   347 kB        [1m[22m  [1m[32m[emitted][39m[22m  
  [1m[32mb71d3d5e78900afdd8cbdaa1413fcf15.jpg[39m[22m   223 kB        [1m[22m  [1m[32m[emitted][39m[22m  
  [1m[32m729454952938067b02da5f017e2fc5e5.jpg[39m[22m  81.3 kB        [1m[22m  [1m[32m[emitted][39m[22m  
  [1m[32mbf25b57e7bc88194801b2520c349947b.jpg[39m[22m  36.5 kB        [1m[22m  [1m[32m[emitted][39m[22m  
                             [1m[32mbundle.js[39m[22m  11.6 MB       [1m0[22m  [1m[32m[emitted][39m[22m  main
                            [1m[32mindex.html[39m[22m  3.16 kB        [1m[22m  [1m[32m[emitted][39m[22m  
chunk    {[1m[33m0[39m[22m} [1m[32mbundle.js[39m[22m (main) 4.42 MB[1m[32m [rendered][39m[22m
    [0] [1mmulti main[22m 28 bytes {[1m[33m0[39m[22m}[1m[32m [built][39m[22m
    [1] [1m./~/moment/moment.js[22m 147 kB {[1m[33m0[39m[22m}[1m[32m [built][39m[22m
    [2] [1m./~/angular/index.js[22m 48 bytes {[1m[33m0[39m[22m}[1m[32m [built][39m[22m
    [3] [1m./src/core/CoreModule.js[22m 7.44 kB {[1m[33m0[39m[22m}[1m[32m [built][39m[22m
    [4] [1m./src/core/AuthService.js[22m 7.7 kB {[1m[33m0[39m[22m}[1m[32m [built][39m[22m
    [5] [1m./~/ng-table/bundles/ng-table.js[22m 109 kB {[1m[33m0[39m[22m}[1m[32m [built][39m[22m
    [6] [1m./~/lodash/index.js[22m 411 kB {[1m[33m0[39m[22m}[1m[32m [built][39m[22m
    [7] [1m./~/core-js/modules/_is-object.js[22m 110 bytes {[1m[33m0[39m[22m}[1m[32m [built][39m[22m
    [8] [1m./src/flights/FlightsServices.js[22m 11.8 kB {[1m[33m0[39m[22m}[1m[32m [built][39m[22m
    [9] [1m./~/core-js/modules/_object-sap.js[22m 370 bytes {[1m[33m0[39m[22m}[1m[32m [built][39m[22m
   [10] [1m./~/css-loader/cssToString.js[22m 352 bytes {[1m[33m0[39m[22m}[1m[32m [built][39m[22m
   [11] [1m./~/core-js/modules/_descriptors.js[22m 184 bytes {[1m[33m0[39m[22m}[1m[32m [built][39m[22m
   [12] [1m./~/core-js/modules/_export.js[22m 1.6 kB {[1m[33m0[39m[22m}[1m[32m [built][39m[22m
   [13] [1m./~/core-js/modules/_global.js[22m 369 bytes {[1m[33m0[39m[22m}[1m[32m [built][39m[22m
   [14] [1m./~/style-loader/addStyles.js[22m 7.21 kB {[1m[33m0[39m[22m}[1m[32m [built][39m[22m
   [15] [1m./~/core-js/modules/_has.js[22m 120 bytes {[1m[33m0[39m[22m}[1m[32m [built][39m[22m
   [16] [1m./~/core-js/modules/_object-dp.js[22m 600 bytes {[1m[33m0[39m[22m}[1m[32m [built][39m[22m
   [17] [1m./src/masterdata/persons/PersonsModule.js[22m 4.21 kB {[1m[33m0[39m[22m}[1m[32m [built][39m[22m
   [18] [1m./~/core-js/modules/_fails.js[22m 104 bytes {[1m[33m0[39m[22m}[1m[32m [built][39m[22m
   [19] [1m./~/core-js/modules/_to-iobject.js[22m 217 bytes {[1m[33m0[39m[22m}[1m[32m [built][39m[22m
   [20] [1m./~/core-js/modules/_an-object.js[22m 154 bytes {[1m[33m0[39m[22m}[1m[32m [built][39m[22m
   [21] [1m./~/core-js/modules/_core.js[22m 122 bytes {[1m[33m0[39m[22m}[1m[32m [built][39m[22m
   [22] [1m./~/core-js/modules/_object-keys.js[22m 222 bytes {[1m[33m0[39m[22m}[1m[32m [built][39m[22m
   [23] [1m./~/core-js/modules/_uid.js[22m 162 bytes {[1m[33m0[39m[22m}[1m[32m [built][39m[22m
   [24] [1m./~/core-js/modules/_wks.js[22m 358 bytes {[1m[33m0[39m[22m}[1m[32m [built][39m[22m
   [25] [1m./src/core/TimeService.js[22m 5.13 kB {[1m[33m0[39m[22m}[1m[32m [built][39m[22m
   [26] [1m./src/masterdata/persons/modal/AddPersonController.js[22m 1.42 kB {[1m[33m0[39m[22m}[1m[32m [built][39m[22m
   [27] [1m./~/core-js/modules/_meta.js[22m 1.56 kB {[1m[33m0[39m[22m}[1m[32m [built][39m[22m
   [28] [1m./~/core-js/modules/_object-pie.js[22m 37 bytes {[1m[33m0[39m[22m}[1m[32m [built][39m[22m
   [29] [1m./~/core-js/modules/_to-object.js[22m 132 bytes {[1m[33m0[39m[22m}[1m[32m [built][39m[22m
   [30] [1m./~/jquery/dist/jquery.js[22m 258 kB {[1m[33m0[39m[22m}[1m[32m [built][39m[22m
   [31] [1m./~/ngstorage/ngStorage.js[22m 8.32 kB {[1m[33m0[39m[22m}[1m[32m [built][39m[22m
   [32] [1m./src/images/towplane.png[22m 81 bytes {[1m[33m0[39m[22m}[1m[32m [built][39m[22m
   [33] [1m./~/angular-ui-bootstrap/index.js[22m 65 bytes {[1m[33m0[39m[22m}[1m[32m [built][39m[22m
   [34] [1m./src/core/MessageManager.js[22m 2.14 kB {[1m[33m0[39m[22m}[1m[32m [built][39m[22m
   [35] [1m./src/masterdata/aircrafts/AircraftsModule.js[22m 3.29 kB {[1m[33m0[39m[22m}[1m[32m [built][39m[22m
   [36] [1m./src/masterdata/aircrafts/modal/AddAircraftController.js[22m 2.17 kB {[1m[33m0[39m[22m}[1m[32m [built][39m[22m
   [37] [1m./src/masterdata/clubs/ClubsModule.js[22m 2.39 kB {[1m[33m0[39m[22m}[1m[32m [built][39m[22m
   [38] [1m./~/core-js/modules/_cof.js[22m 106 bytes {[1m[33m0[39m[22m}[1m[32m [built][39m[22m
   [39] [1m./~/core-js/modules/_enum-bug-keys.js[22m 160 bytes {[1m[33m0[39m[22m}[1m[32m [built][39m[22m
   [40] [1m./~/core-js/modules/_hide.js[22m 286 bytes {[1m[33m0[39m[22m}[1m[32m [built][39m[22m
   [41] [1m./~/core-js/modules/_object-gopd.js[22m 577 bytes {[1m[33m0[39m[22m}[1m[32m [built][39m[22m
   [42] [1m./~/core-js/modules/_object-gops.js[22m 42 bytes {[1m[33m0[39m[22m}[1m[32m [built][39m[22m
   [43] [1m./~/core-js/modules/_property-desc.js[22m 173 bytes {[1m[33m0[39m[22m}[1m[32m [built][39m[22m
   [44] [1m./~/core-js/modules/_redefine.js[22m 1.04 kB {[1m[33m0[39m[22m}[1m[32m [built][39m[22m
   [45] [1m./~/core-js/modules/_shared-key.js[22m 159 bytes {[1m[33m0[39m[22m}[1m[32m [built][39m[22m
   [46] [1m./~/core-js/modules/_shared.js[22m 202 bytes {[1m[33m0[39m[22m}[1m[32m [built][39m[22m
   [47] [1m./~/core-js/modules/_to-primitive.js[22m 655 bytes {[1m[33m0[39m[22m}[1m[32m [built][39m[22m
   [48] [1m./~/highcharts-ng/dist/highcharts-ng.min.js[22m 6.19 kB {[1m[33m0[39m[22m}[1m[32m [built][39m[22m
   [49] [1m./~/pikaday/pikaday.js[22m 38.7 kB {[1m[33m0[39m[22m}[1m[32m [built][39m[22m
   [50] [1m./src/flights/airmovements/air-movement-edit-form.html[22m 27.1 kB {[1m[33m0[39m[22m}[1m[32m [built][39m[22m
   [51] [1m./src/masterdata/persons/modal/add-person.html[22m 601 bytes {[1m[33m0[39m[22m}[1m[32m [built][39m[22m
   [52] [1m./src/images/glider.png[22m 81 bytes {[1m[33m0[39m[22m}[1m[32m [built][39m[22m
   [53] [1m./~/angular-local-storage/index.js[22m 83 bytes {[1m[33m0[39m[22m}[1m[32m [built][39m[22m
   [54] [1m./~/angular-recaptcha/index.js[22m 75 bytes {[1m[33m0[39m[22m}[1m[32m [built][39m[22m
   [55] [1m./~/angular-translate/dist/angular-translate.js[22m 109 kB {[1m[33m0[39m[22m}[1m[32m [built][39m[22m
   [56] [1m./src/core/TableSettingsCache.js[22m 2.3 kB {[1m[33m0[39m[22m}[1m[32m [built][39m[22m
   [57] [1m./src/core/directives/history/AuditLogService.js[22m 569 bytes {[1m[33m0[39m[22m}[1m[32m [built][39m[22m
   [58] [1m./src/flights/FlightsModule.js[22m 5.23 kB {[1m[33m0[39m[22m}[1m[32m [built][39m[22m
   [59] [1m./src/main/dashboard/DashboardController.js[22m 1.47 kB {[1m[33m0[39m[22m}[1m[32m [built][39m[22m
   [60] [1m./src/main/dashboard/DashboardServices.js[22m 16.4 kB {[1m[33m0[39m[22m}[1m[32m [built][39m[22m
   [61] [1m./src/masterdata/MasterdataModule.js[22m 2.44 kB {[1m[33m0[39m[22m}[1m[32m [built][39m[22m
   [62] [1m./src/masterdata/accountingRules/AccountingRuleFiltersEditController.js[22m 10.9 kB {[1m[33m0[39m[22m}[1m[32m [built][39m[22m
   [63] [1m./src/masterdata/aircrafts/AircraftsEditController.js[22m 5.69 kB {[1m[33m0[39m[22m}[1m[32m [built][39m[22m
   [64] [1m./src/masterdata/clubs/ClubsEditController.js[22m 4.14 kB {[1m[33m0[39m[22m}[1m[32m [built][39m[22m
   [65] [1m./src/masterdata/deliveries/DeliveriesEditController.js[22m 3.18 kB {[1m[33m0[39m[22m}[1m[32m [built][39m[22m
   [66] [1m./src/masterdata/deliveryCreationTests/DeliveryCreationTestsEditController.js[22m 9.46 kB {[1m[33m0[39m[22m}[1m[32m [built][39m[22m
   [67] [1m./src/masterdata/flightTypes/FlightTypesEditController.js[22m 2.83 kB {[1m[33m0[39m[22m}[1m[32m [built][39m[22m
   [68] [1m./src/masterdata/flightTypes/FlightTypesModule.js[22m 2.57 kB {[1m[33m0[39m[22m}[1m[32m [built][39m[22m
   [69] [1m./src/masterdata/locations/LocationsEditController.js[22m 7.95 kB {[1m[33m0[39m[22m}[1m[32m [built][39m[22m
   [70] [1m./src/masterdata/memberStates/MemberStatesEditController.js[22m 2.62 kB {[1m[33m0[39m[22m}[1m[32m [built][39m[22m
   [71] [1m./src/masterdata/memberStates/MemberStatesModule.js[22m 2.6 kB {[1m[33m0[39m[22m}[1m[32m [built][39m[22m
   [72] [1m./src/masterdata/personCategories/PersonCategoryModule.js[22m 1.34 kB {[1m[33m0[39m[22m}[1m[32m [built][39m[22m
   [73] [1m./src/masterdata/persons/PersonsEditController.js[22m 4.46 kB {[1m[33m0[39m[22m}[1m[32m [built][39m[22m
   [74] [1m./src/masterdata/users/UsersEditController.js[22m 6.01 kB {[1m[33m0[39m[22m}[1m[32m [built][39m[22m
   [75] [1m./src/reservations/ReservationsModule.js[22m 2.96 kB {[1m[33m0[39m[22m}[1m[32m [built][39m[22m
   [76] [1m./src/system/logs/LogsController.js[22m 673 bytes {[1m[33m0[39m[22m}[1m[32m [built][39m[22m
   [77] [1m./~/core-js/modules/_ctx.js[22m 520 bytes {[1m[33m0[39m[22m}[1m[32m [built][39m[22m
   [78] [1m./~/core-js/modules/_defined.js[22m 162 bytes {[1m[33m0[39m[22m}[1m[32m [built][39m[22m
   [79] [1m./~/core-js/modules/_dom-create.js[22m 289 bytes {[1m[33m0[39m[22m}[1m[32m [built][39m[22m
   [80] [1m./~/core-js/modules/_ie8-dom-define.js[22m 199 bytes {[1m[33m0[39m[22m}[1m[32m [built][39m[22m
   [81] [1m./~/core-js/modules/_iobject.js[22m 289 bytes {[1m[33m0[39m[22m}[1m[32m [built][39m[22m
   [82] [1m./~/core-js/modules/_library.js[22m 24 bytes {[1m[33m0[39m[22m}[1m[32m [built][39m[22m
   [83] [1m./~/core-js/modules/_object-create.js[22m 1.5 kB {[1m[33m0[39m[22m}[1m[32m [built][39m[22m
   [84] [1m./~/core-js/modules/_object-dps.js[22m 404 bytes {[1m[33m0[39m[22m}[1m[32m [built][39m[22m
   [85] [1m./~/core-js/modules/_object-gopn-ext.js[22m 604 bytes {[1m[33m0[39m[22m}[1m[32m [built][39m[22m
   [86] [1m./~/core-js/modules/_object-gopn.js[22m 288 bytes {[1m[33m0[39m[22m}[1m[32m [built][39m[22m
   [87] [1m./~/core-js/modules/_object-keys-internal.js[22m 537 bytes {[1m[33m0[39m[22m}[1m[32m [built][39m[22m
   [88] [1m./~/core-js/modules/_to-integer.js[22m 161 bytes {[1m[33m0[39m[22m}[1m[32m [built][39m[22m
   [89] [1m./~/core-js/modules/_wks-ext.js[22m 31 bytes {[1m[33m0[39m[22m}[1m[32m [built][39m[22m
   [90] [1m./~/bootstrap/dist/fonts/glyphicons-halflings-regular.eot[22m 81 bytes {[1m[33m0[39m[22m}[1m[32m [built][39m[22m
   [91] [1m./~/moment/locale/af.js[22m 2.58 kB {[1m[33m0[39m[22m}[1m[33m [optional][39m[22m[1m[32m [built][39m[22m
   [92] [1m./~/moment/locale/ar-dz.js[22m 2 kB {[1m[33m0[39m[22m}[1m[33m [optional][39m[22m[1m[32m [built][39m[22m
   [93] [1m./~/moment/locale/ar-kw.js[22m 2 kB {[1m[33m0[39m[22m}[1m[33m [optional][39m[22m[1m[32m [built][39m[22m
   [94] [1m./~/moment/locale/ar-ly.js[22m 4.04 kB {[1m[33m0[39m[22m}[1m[33m [optional][39m[22m[1m[32m [built][39m[22m
   [95] [1m./~/moment/locale/ar-ma.js[22m 2 kB {[1m[33m0[39m[22m}[1m[33m [optional][39m[22m[1m[32m [built][39m[22m
   [96] [1m./~/moment/locale/ar-sa.js[22m 3.09 kB {[1m[33m0[39m[22m}[1m[33m [optional][39m[22m[1m[32m [built][39m[22m
   [97] [1m./~/moment/locale/ar-tn.js[22m 1.97 kB {[1m[33m0[39m[22m}[1m[33m [optional][39m[22m[1m[32m [built][39m[22m
   [98] [1m./~/moment/locale/ar.js[22m 4.34 kB {[1m[33m0[39m[22m}[1m[33m [optional][39m[22m[1m[32m [built][39m[22m
   [99] [1m./~/moment/locale/az.js[22m 3.31 kB {[1m[33m0[39m[22m}[1m[33m [optional][39m[22m[1m[32m [built][39m[22m
  [100] [1m./~/moment/locale/be.js[22m 4.85 kB {[1m[33m0[39m[22m}[1m[33m [optional][39m[22m[1m[32m [built][39m[22m
  [101] [1m./~/moment/locale/bg.js[22m 3.1 kB {[1m[33m0[39m[22m}[1m[33m [optional][39m[22m[1m[32m [built][39m[22m
  [102] [1m./~/moment/locale/bm.js[22m 2.08 kB {[1m[33m0[39m[22m}[1m[33m [optional][39m[22m[1m[32m [built][39m[22m
  [103] [1m./~/moment/locale/bn.js[22m 3.57 kB {[1m[33m0[39m[22m}[1m[33m [optional][39m[22m[1m[32m [built][39m[22m
  [104] [1m./~/moment/locale/bo.js[22m 3.82 kB {[1m[33m0[39m[22m}[1m[33m [optional][39m[22m[1m[32m [built][39m[22m
  [105] [1m./~/moment/locale/br.js[22m 3.43 kB {[1m[33m0[39m[22m}[1m[33m [optional][39m[22m[1m[32m [built][39m[22m
  [106] [1m./~/moment/locale/bs.js[22m 5.22 kB {[1m[33m0[39m[22m}[1m[33m [optional][39m[22m[1m[32m [built][39m[22m
  [107] [1m./~/moment/locale/ca.js[22m 3.3 kB {[1m[33m0[39m[22m}[1m[33m [optional][39m[22m[1m[32m [built][39m[22m
  [108] [1m./~/moment/locale/cs.js[22m 7 kB {[1m[33m0[39m[22m}[1m[33m [optional][39m[22m[1m[32m [built][39m[22m
  [109] [1m./~/moment/locale/cv.js[22m 2.29 kB {[1m[33m0[39m[22m}[1m[33m [optional][39m[22m[1m[32m [built][39m[22m
  [110] [1m./~/moment/locale/cy.js[22m 2.91 kB {[1m[33m0[39m[22m}[1m[33m [optional][39m[22m[1m[32m [built][39m[22m
  [111] [1m./~/moment/locale/da.js[22m 2.04 kB {[1m[33m0[39m[22m}[1m[33m [optional][39m[22m[1m[32m [built][39m[22m
  [112] [1m./~/moment/locale/de-at.js[22m 2.82 kB {[1m[33m0[39m[22m}[1m[33m [optional][39m[22m[1m[32m [built][39m[22m
  [113] [1m./~/moment/locale/de-ch.js[22m 2.81 kB {[1m[33m0[39m[22m}[1m[33m [optional][39m[22m[1m[32m [built][39m[22m
  [114] [1m./~/moment/locale/de.js[22m 2.81 kB {[1m[33m0[39m[22m}[1m[33m [optional][39m[22m[1m[32m [built][39m[22m
  [115] [1m./~/moment/locale/dv.js[22m 2.65 kB {[1m[33m0[39m[22m}[1m[33m [optional][39m[22m[1m[32m [built][39m[22m
  [116] [1m./~/moment/locale/el.js[22m 3.81 kB {[1m[33m0[39m[22m}[1m[33m [optional][39m[22m[1m[32m [built][39m[22m
  [117] [1m./~/moment/locale/en-au.js[22m 2.32 kB {[1m[33m0[39m[22m}[1m[33m [optional][39m[22m[1m[32m [built][39m[22m
  [118] [1m./~/moment/locale/en-ca.js[22m 2.15 kB {[1m[33m0[39m[22m}[1m[33m [optional][39m[22m[1m[32m [built][39m[22m
  [119] [1m./~/moment/locale/en-gb.js[22m 2.32 kB {[1m[33m0[39m[22m}[1m[33m [optional][39m[22m[1m[32m [built][39m[22m
  [120] [1m./~/moment/locale/en-ie.js[22m 2.32 kB {[1m[33m0[39m[22m}[1m[33m [optional][39m[22m[1m[32m [built][39m[22m
  [121] [1m./~/moment/locale/en-il.js[22m 2.11 kB {[1m[33m0[39m[22m}[1m[33m [optional][39m[22m[1m[32m [built][39m[22m
  [122] [1m./~/moment/locale/en-nz.js[22m 2.32 kB {[1m[33m0[39m[22m}[1m[33m [optional][39m[22m[1m[32m [built][39m[22m
  [123] [1m./~/moment/locale/eo.js[22m 2.48 kB {[1m[33m0[39m[22m}[1m[33m [optional][39m[22m[1m[32m [built][39m[22m
  [124] [1m./~/moment/locale/es-do.js[22m 3.75 kB {[1m[33m0[39m[22m}[1m[33m [optional][39m[22m[1m[32m [built][39m[22m
  [125] [1m./~/moment/locale/es-us.js[22m 3.02 kB {[1m[33m0[39m[22m}[1m[33m [optional][39m[22m[1m[32m [built][39m[22m
  [126] [1m./~/moment/locale/es.js[22m 3.74 kB {[1m[33m0[39m[22m}[1m[33m [optional][39m[22m[1m[32m [built][39m[22m
  [127] [1m./~/moment/locale/et.js[22m 3.11 kB {[1m[33m0[39m[22m}[1m[33m [optional][39m[22m[1m[32m [built][39m[22m
  [128] [1m./~/moment/locale/eu.js[22m 2.35 kB {[1m[33m0[39m[22m}[1m[33m [optional][39m[22m[1m[32m [built][39m[22m
  [129] [1m./~/moment/locale/fa.js[22m 3.23 kB {[1m[33m0[39m[22m}[1m[33m [optional][39m[22m[1m[32m [built][39m[22m
  [130] [1m./~/moment/locale/fi.js[22m 4.01 kB {[1m[33m0[39m[22m}[1m[33m [optional][39m[22m[1m[32m [built][39m[22m
  [131] [1m./~/moment/locale/fo.js[22m 2.06 kB {[1m[33m0[39m[22m}[1m[33m [optional][39m[22m[1m[32m [built][39m[22m
  [132] [1m./~/moment/locale/fr-ca.js[22m 2.52 kB {[1m[33m0[39m[22m}[1m[33m [optional][39m[22m[1m[32m [built][39m[22m
  [133] [1m./~/moment/locale/fr-ch.js[22m 2.7 kB {[1m[33m0[39m[22m}[1m[33m [optional][39m[22m[1m[32m [built][39m[22m
  [134] [1m./~/moment/locale/fr.js[22m 2.96 kB {[1m[33m0[39m[22m}[1m[33m [optional][39m[22m[1m[32m [built][39m[22m
  [135] [1m./~/moment/locale/fy.js[22m 2.67 kB {[1m[33m0[39m[22m}[1m[33m [optional][39m[22m[1m[32m [built][39m[22m
  [136] [1m./~/moment/locale/gd.js[22m 2.58 kB {[1m[33m0[39m[22m}[1m[33m [optional][39m[22m[1m[32m [built][39m[22m
  [137] [1m./~/moment/locale/gl.js[22m 2.76 kB {[1m[33m0[39m[22m}[1m[33m [optional][39m[22m[1m[32m [built][39m[22m
  [138] [1m./~/moment/locale/gom-latn.js[22m 4.52 kB {[1m[33m0[39m[22m}[1m[33m [optional][39m[22m[1m[32m [built][39m[22m
  [139] [1m./~/moment/locale/gu.js[22m 3.93 kB {[1m[33m0[39m[22m}[1m[33m [optional][39m[22m[1m[32m [built][39m[22m
  [140] [1m./~/moment/locale/he.js[22m 3.26 kB {[1m[33m0[39m[22m}[1m[33m [optional][39m[22m[1m[32m [built][39m[22m
  [141] [1m./~/moment/locale/hi.js[22m 3.83 kB {[1m[33m0[39m[22m}[1m[33m [optional][39m[22m[1m[32m [built][39m[22m
  [142] [1m./~/moment/locale/hr.js[22m 5.4 kB {[1m[33m0[39m[22m}[1m[33m [optional][39m[22m[1m[32m [built][39m[22m
  [143] [1m./~/moment/locale/hu.js[22m 4.14 kB {[1m[33m0[39m[22m}[1m[33m [optional][39m[22m[1m[32m [built][39m[22m
  [144] [1m./~/moment/locale/hy-am.js[22m 3.21 kB {[1m[33m0[39m[22m}[1m[33m [optional][39m[22m[1m[32m [built][39m[22m
  [145] [1m./~/moment/locale/id.js[22m 2.78 kB {[1m[33m0[39m[22m}[1m[33m [optional][39m[22m[1m[32m [built][39m[22m
  [146] [1m./~/moment/locale/is.js[22m 4.8 kB {[1m[33m0[39m[22m}[1m[33m [optional][39m[22m[1m[32m [built][39m[22m
  [147] [1m./~/moment/locale/it.js[22m 2.37 kB {[1m[33m0[39m[22m}[1m[33m [optional][39m[22m[1m[32m [built][39m[22m
  [148] [1m./~/moment/locale/ja.js[22m 2.71 kB {[1m[33m0[39m[22m}[1m[33m [optional][39m[22m[1m[32m [built][39m[22m
  [149] [1m./~/moment/locale/jv.js[22m 2.84 kB {[1m[33m0[39m[22m}[1m[33m [optional][39m[22m[1m[32m [built][39m[22m
  [150] [1m./~/moment/locale/ka.js[22m 3.09 kB {[1m[33m0[39m[22m}[1m[33m [optional][39m[22m[1m[32m [built][39m[22m
  [151] [1m./~/moment/locale/kk.js[22m 2.63 kB {[1m[33m0[39m[22m}[1m[33m [optional][39m[22m[1m[32m [built][39m[22m
  [152] [1m./~/moment/locale/km.js[22m 3.13 kB {[1m[33m0[39m[22m}[1m[33m [optional][39m[22m[1m[32m [built][39m[22m
  [153] [1m./~/moment/locale/kn.js[22m 3.88 kB {[1m[33m0[39m[22m}[1m[33m [optional][39m[22m[1m[32m [built][39m[22m
  [154] [1m./~/moment/locale/ko.js[22m 2.45 kB {[1m[33m0[39m[22m}[1m[33m [optional][39m[22m[1m[32m [built][39m[22m
  [155] [1m./~/moment/locale/ky.js[22m 2.64 kB {[1m[33m0[39m[22m}[1m[33m [optional][39m[22m[1m[32m [built][39m[22m
  [156] [1m./~/moment/locale/lb.js[22m 4.83 kB {[1m[33m0[39m[22m}[1m[33m [optional][39m[22m[1m[32m [built][39m[22m
  [157] [1m./~/moment/locale/lo.js[22m 2.29 kB {[1m[33m0[39m[22m}[1m[33m [optional][39m[22m[1m[32m [built][39m[22m
  [158] [1m./~/moment/locale/lt.js[22m 4.45 kB {[1m[33m0[39m[22m}[1m[33m [optional][39m[22m[1m[32m [built][39m[22m
  [159] [1m./~/moment/locale/lv.js[22m 3.89 kB {[1m[33m0[39m[22m}[1m[33m [optional][39m[22m[1m[32m [built][39m[22m
  [160] [1m./~/moment/locale/me.js[22m 4.14 kB {[1m[33m0[39m[22m}[1m[33m [optional][39m[22m[1m[32m [built][39m[22m
  [161] [1m./~/moment/locale/mi.js[22m 2.35 kB {[1m[33m0[39m[22m}[1m[33m [optional][39m[22m[1m[32m [built][39m[22m
  [162] [1m./~/moment/locale/mk.js[22m 3.11 kB {[1m[33m0[39m[22m}[1m[33m [optional][39m[22m[1m[32m [built][39m[22m
  [163] [1m./~/moment/locale/ml.js[22m 2.77 kB {[1m[33m0[39m[22m}[1m[33m [optional][39m[22m[1m[32m [built][39m[22m
  [164] [1m./~/moment/locale/mn.js[22m 3.53 kB {[1m[33m0[39m[22m}[1m[33m [optional][39m[22m[1m[32m [built][39m[22m
  [165] [1m./~/moment/locale/mr.js[22m 5.4 kB {[1m[33m0[39m[22m}[1m[33m [optional][39m[22m[1m[32m [built][39m[22m
  [166] [1m./~/moment/locale/ms-my.js[22m 2.8 kB {[1m[33m0[39m[22m}[1m[33m [optional][39m[22m[1m[32m [built][39m[22m
  [167] [1m./~/moment/locale/ms.js[22m 2.79 kB {[1m[33m0[39m[22m}[1m[33m [optional][39m[22m[1m[32m [built][39m[22m
  [168] [1m./~/moment/locale/mt.js[22m 2.04 kB {[1m[33m0[39m[22m}[1m[33m [optional][39m[22m[1m[32m [built][39m[22m
  [169] [1m./~/moment/locale/my.js[22m 2.7 kB {[1m[33m0[39m[22m}[1m[33m [optional][39m[22m[1m[32m [built][39m[22m
  [170] [1m./~/moment/locale/nb.js[22m 2.12 kB {[1m[33m0[39m[22m}[1m[33m [optional][39m[22m[1m[32m [built][39m[22m
  [171] [1m./~/moment/locale/ne.js[22m 3.77 kB {[1m[33m0[39m[22m}[1m[33m [optional][39m[22m[1m[32m [built][39m[22m
  [172] [1m./~/moment/locale/nl-be.js[22m 3.42 kB {[1m[33m0[39m[22m}[1m[33m [optional][39m[22m[1m[32m [built][39m[22m
  [173] [1m./~/moment/locale/nl.js[22m 3.42 kB {[1m[33m0[39m[22m}[1m[33m [optional][39m[22m[1m[32m [built][39m[22m
  [174] [1m./~/moment/locale/nn.js[22m 2.06 kB {[1m[33m0[39m[22m}[1m[33m [optional][39m[22m[1m[32m [built][39m[22m
  [175] [1m./~/moment/locale/pa-in.js[22m 3.94 kB {[1m[33m0[39m[22m}[1m[33m [optional][39m[22m[1m[32m [built][39m[22m
  [176] [1m./~/moment/locale/pl.js[22m 4.63 kB {[1m[33m0[39m[22m}[1m[33m [optional][39m[22m[1m[32m [built][39m[22m
  [177] [1m./~/moment/locale/pt-br.js[22m 2.15 kB {[1m[33m0[39m[22m}[1m[33m [optional][39m[22m[1m[32m [built][39m[22m
  [178] [1m./~/moment/locale/pt.js[22m 2.31 kB {[1m[33m0[39m[22m}[1m[33m [optional][39m[22m[1m[32m [built][39m[22m
  [179] [1m./~/moment/locale/ro.js[22m 2.55 kB {[1m[33m0[39m[22m}[1m[33m [optional][39m[22m[1m[32m [built][39m[22m
  [180] [1m./~/moment/locale/ru.js[22m 7.43 kB {[1m[33m0[39m[22m}[1m[33m [optional][39m[22m[1m[32m [built][39m[22m
  [181] [1m./~/moment/locale/sd.js[22m 2.51 kB {[1m[33m0[39m[22m}[1m[33m [optional][39m[22m[1m[32m [built][39m[22m
  [182] [1m./~/moment/locale/se.js[22m 2.17 kB {[1m[33m0[39m[22m}[1m[33m [optional][39m[22m[1m[32m [built][39m[22m
  [183] [1m./~/moment/locale/si.js[22m 2.38 kB {[1m[33m0[39m[22m}[1m[33m [optional][39m[22m[1m[32m [built][39m[22m
  [184] [1m./~/moment/locale/sk.js[22m 6 kB {[1m[33m0[39m[22m}[1m[33m [optional][39m[22m[1m[32m [built][39m[22m
  [185] [1m./~/moment/locale/sl.js[22m 7 kB {[1m[33m0[39m[22m}[1m[33m [optional][39m[22m[1m[32m [built][39m[22m
  [186] [1m./~/moment/locale/sq.js[22m 2.28 kB {[1m[33m0[39m[22m}[1m[33m [optional][39m[22m[1m[32m [built][39m[22m
  [187] [1m./~/moment/locale/sr-cyrl.js[22m 4.13 kB {[1m[33m0[39m[22m}[1m[33m [optional][39m[22m[1m[32m [built][39m[22m
  [188] [1m./~/moment/locale/sr.js[22m 4.12 kB {[1m[33m0[39m[22m}[1m[33m [optional][39m[22m[1m[32m [built][39m[22m
  [189] [1m./~/moment/locale/ss.js[22m 3.06 kB {[1m[33m0[39m[22m}[1m[33m [optional][39m[22m[1m[32m [built][39m[22m
  [190] [1m./~/moment/locale/sv.js[22m 2.37 kB {[1m[33m0[39m[22m}[1m[33m [optional][39m[22m[1m[32m [built][39m[22m
  [191] [1m./~/moment/locale/sw.js[22m 2.04 kB {[1m[33m0[39m[22m}[1m[33m [optional][39m[22m[1m[32m [built][39m[22m
  [192] [1m./~/moment/locale/ta.js[22m 4.17 kB {[1m[33m0[39m[22m}[1m[33m [optional][39m[22m[1m[32m [built][39m[22m
  [193] [1m./~/moment/locale/te.js[22m 3.05 kB {[1m[33m0[39m[22m}[1m[33m [optional][39m[22m[1m[32m [built][39m[22m
  [194] [1m./~/moment/locale/tet.js[22m 2.33 kB {[1m[33m0[39m[22m}[1m[33m [optional][39m[22m[1m[32m [built][39m[22m
  [195] [1m./~/moment/locale/tg.js[22m 3.56 kB {[1m[33m0[39m[22m}[1m[33m [optional][39m[22m[1m[32m [built][39m[22m
  [196] [1m./~/moment/locale/th.js[22m 2.29 kB {[1m[33m0[39m[22m}[1m[33m [optional][39m[22m[1m[32m [built][39m[22m
  [197] [1m./~/moment/locale/tl-ph.js[22m 2.13 kB {[1m[33m0[39m[22m}[1m[33m [optional][39m[22m[1m[32m [built][39m[22m
  [198] [1m./~/moment/locale/tlh.js[22m 4.16 kB {[1m[33m0[39m[22m}[1m[33m [optional][39m[22m[1m[32m [built][39m[22m
  [199] [1m./~/moment/locale/tr.js[22m 2.96 kB {[1m[33m0[39m[22m}[1m[33m [optional][39m[22m[1m[32m [built][39m[22m
  [200] [1m./~/moment/locale/tzl.js[22m 3.58 kB {[1m[33m0[39m[22m}[1m[33m [optional][39m[22m[1m[32m [built][39m[22m
  [201] [1m./~/moment/locale/tzm-latn.js[22m 2.02 kB {[1m[33m0[39m[22m}[1m[33m [optional][39m[22m[1m[32m [built][39m[22m
  [202] [1m./~/moment/locale/tzm.js[22m 1.99 kB {[1m[33m0[39m[22m}[1m[33m [optional][39m[22m[1m[32m [built][39m[22m
  [203] [1m./~/moment/locale/ug-cn.js[22m 3.91 kB {[1m[33m0[39m[22m}[1m[33m [optional][39m[22m[1m[32m [built][39m[22m
  [204] [1m./~/moment/locale/uk.js[22m 5.56 kB {[1m[33m0[39m[22m}[1m[33m [optional][39m[22m[1m[32m [built][39m[22m
  [205] [1m./~/moment/locale/ur.js[22m 2.51 kB {[1m[33m0[39m[22m}[1m[33m [optional][39m[22m[1m[32m [built][39m[22m
  [206] [1m./~/moment/locale/uz-latn.js[22m 2.02 kB {[1m[33m0[39m[22m}[1m[33m [optional][39m[22m[1m[32m [built][39m[22m
  [207] [1m./~/moment/locale/uz.js[22m 1.99 kB {[1m[33m0[39m[22m}[1m[33m [optional][39m[22m[1m[32m [built][39m[22m
  [208] [1m./~/moment/locale/vi.js[22m 2.67 kB {[1m[33m0[39m[22m}[1m[33m [optional][39m[22m[1m[32m [built][39m[22m
  [209] [1m./~/moment/locale/x-pseudo.js[22m 2.46 kB {[1m[33m0[39m[22m}[1m[33m [optional][39m[22m[1m[32m [built][39m[22m
  [210] [1m./~/moment/locale/yo.js[22m 2.1 kB {[1m[33m0[39m[22m}[1m[33m [optional][39m[22m[1m[32m [built][39m[22m
  [211] [1m./~/moment/locale/zh-cn.js[22m 3.47 kB {[1m[33m0[39m[22m}[1m[33m [optional][39m[22m[1m[32m [built][39m[22m
  [212] [1m./~/moment/locale/zh-hk.js[22m 3.21 kB {[1m[33m0[39m[22m}[1m[33m [optional][39m[22m[1m[32m [built][39m[22m
  [213] [1m./~/moment/locale/zh-tw.js[22m 3.21 kB {[1m[33m0[39m[22m}[1m[33m [optional][39m[22m[1m[32m [built][39m[22m
  [214] [1m./src/flights/flight-edit-form.html[22m 3.58 kB {[1m[33m0[39m[22m}[1m[32m [built][39m[22m
  [215] [1m./src/masterdata/accountingRules/accountingRuleFilters-edit.html[22m 35.1 kB {[1m[33m0[39m[22m}[1m[32m [built][39m[22m
  [216] [1m./src/masterdata/aircrafts/modal/add-aircraft.html[22m 613 bytes {[1m[33m0[39m[22m}[1m[32m [built][39m[22m
  [217] [1m./src/reporting/flightreportresults.html[22m 11.6 kB {[1m[33m0[39m[22m}[1m[32m [built][39m[22m
  [218] [1m./~/selectize/dist/js/selectize.js[22m 87.1 kB {[1m[33m0[39m[22m}[1m[32m [built][39m[22m
  [219] [1m(webpack)/buildin/module.js[22m 251 bytes {[1m[33m0[39m[22m}[1m[32m [built][39m[22m
  [220] [1m./~/angular-cookies/angular-cookies.js[22m 9.73 kB {[1m[33m0[39m[22m}[1m[32m [built][39m[22m
  [221] [1m./~/angular-cookies/index.js[22m 60 bytes {[1m[33m0[39m[22m}[1m[32m [built][39m[22m
  [222] [1m./~/angular-local-storage/dist/angular-local-storage.js[22m 20.8 kB {[1m[33m0[39m[22m}[1m[32m [built][39m[22m
  [223] [1m./~/angular-messages/angular-messages.js[22m 25.8 kB {[1m[33m0[39m[22m}[1m[32m [built][39m[22m
  [224] [1m./~/angular-messages/index.js[22m 62 bytes {[1m[33m0[39m[22m}[1m[32m [built][39m[22m
  [225] [1m./~/angular-moment/angular-moment.js[22m 19.5 kB {[1m[33m0[39m[22m}[1m[32m [built][39m[22m
  [226] [1m./~/angular-recaptcha/release/angular-recaptcha.js[22m 13.3 kB {[1m[33m0[39m[22m}[1m[32m [built][39m[22m
  [227] [1m./~/angular-resource/angular-resource.js[22m 27.1 kB {[1m[33m0[39m[22m}[1m[32m [built][39m[22m
  [228] [1m./~/angular-resource/index.js[22m 62 bytes {[1m[33m0[39m[22m}[1m[32m [built][39m[22m
  [229] [1m./~/angular-route/angular-route.js[22m 35.9 kB {[1m[33m0[39m[22m}[1m[32m [built][39m[22m
  [230] [1m./~/angular-route/index.js[22m 56 bytes {[1m[33m0[39m[22m}[1m[32m [built][39m[22m
  [231] [1m./~/angular-translate-loader-url/angular-translate-loader-url.js[22m 2.05 kB {[1m[33m0[39m[22m}[1m[32m [built][39m[22m
  [232] [1m./~/angular-ui-bootstrap/ui-bootstrap-tpls.js[22m 198 kB {[1m[33m0[39m[22m}[1m[32m [built][39m[22m
  [233] [1m./~/angular/angular.js[22m 1.04 MB {[1m[33m0[39m[22m}[1m[32m [built][39m[22m
  [234] [1m./src/AppController.js[22m 431 bytes {[1m[33m0[39m[22m}[1m[32m [built][39m[22m
  [235] [1m./src/confirm/ConfirmEmailController.js[22m 3.66 kB {[1m[33m0[39m[22m}[1m[32m [built][39m[22m
  [236] [1m./src/confirm/ConfirmEmailModule.js[22m 1.11 kB {[1m[33m0[39m[22m}[1m[32m [built][39m[22m
  [237] [1m./src/core/Constants.js[22m 172 bytes {[1m[33m0[39m[22m}[1m[32m [built][39m[22m
  [238] [1m./src/core/CounterUnitTypes.js[22m 573 bytes {[1m[33m0[39m[22m}[1m[32m [built][39m[22m
  [239] [1m./src/core/Countries.js[22m 548 bytes {[1m[33m0[39m[22m}[1m[32m [built][39m[22m
  [240] [1m./src/core/DropdownItemsRenderService.js[22m 6.79 kB {[1m[33m0[39m[22m}[1m[32m [built][39m[22m
  [241] [1m./src/core/NavigationCache.js[22m 559 bytes {[1m[33m0[39m[22m}[1m[32m [built][39m[22m
  [242] [1m./src/core/StartTypes.js[22m 901 bytes {[1m[33m0[39m[22m}[1m[32m [built][39m[22m
  [243] [1m./src/core/StringUtils.js[22m 1.21 kB {[1m[33m0[39m[22m}[1m[32m [built][39m[22m
  [244] [1m./src/core/TimerSet.js[22m 6.77 kB {[1m[33m0[39m[22m}[1m[32m [built][39m[22m
  [245] [1m./src/core/directives/Selectize.js[22m 7.06 kB {[1m[33m0[39m[22m}[1m[32m [built][39m[22m
  [246] [1m./src/core/directives/busyIndicator/BusyIndicatorDirective.js[22m 1.44 kB {[1m[33m0[39m[22m}[1m[32m [built][39m[22m
  [247] [1m./src/core/directives/checkBox/CheckBoxDirective.js[22m 1.34 kB {[1m[33m0[39m[22m}[1m[32m [built][39m[22m
  [248] [1m./src/core/directives/checkBox/LabelledCheckBoxDirective.js[22m 1.51 kB {[1m[33m0[39m[22m}[1m[32m [built][39m[22m
  [249] [1m./src/core/directives/dataTable/DataTableDirective.js[22m 1.45 kB {[1m[33m0[39m[22m}[1m[32m [built][39m[22m
  [250] [1m./src/core/directives/datePicker/DatePickerInputDirective.js[22m 5.81 kB {[1m[33m0[39m[22m}[1m[32m [built][39m[22m
  [251] [1m./src/core/directives/dateRangePicker/DateRangePickerInputDirective.js[22m 7.8 kB {[1m[33m0[39m[22m}[1m[32m [built][39m[22m
  [252] [1m./src/core/directives/history/HistoryDirective.js[22m 2.74 kB {[1m[33m0[39m[22m}[1m[32m [built][39m[22m
  [253] [1m./src/core/directives/history/HistoryTableController.js[22m 2.1 kB {[1m[33m0[39m[22m}[1m[32m [built][39m[22m
  [254] [1m./src/core/directives/loginForm/LoginFormDirective.js[22m 2.44 kB {[1m[33m0[39m[22m}[1m[32m [built][39m[22m
  [255] [1m./src/core/directives/masterdataLink/MasterDataLinkDirective.js[22m 1.42 kB {[1m[33m0[39m[22m}[1m[32m [built][39m[22m
  [256] [1m./src/core/directives/messageBar/MessageBarDirective.js[22m 3.12 kB {[1m[33m0[39m[22m}[1m[32m [built][39m[22m
  [257] [1m./src/core/directives/navigationBar/NavigationBarDirective.js[22m 2.96 kB {[1m[33m0[39m[22m}[1m[32m [built][39m[22m
  [258] [1m./src/core/directives/searchBar/SearchBarDirective.js[22m 2.87 kB {[1m[33m0[39m[22m}[1m[32m [built][39m[22m
  [259] [1m./src/core/directives/simpleSearchBar/SimpleSearchBarDirective.js[22m 1.61 kB {[1m[33m0[39m[22m}[1m[32m [built][39m[22m
  [260] [1m./src/core/directives/timeCounter/TimeCounterDirective.js[22m 4.63 kB {[1m[33m0[39m[22m}[1m[32m [built][39m[22m
  [261] [1m./src/core/directives/timePicker/TimeInputDirective.js[22m 3.85 kB {[1m[33m0[39m[22m}[1m[32m [built][39m[22m
  [262] [1m./src/core/directives/tree/EditableTreeDirective.js[22m 2.76 kB {[1m[33m0[39m[22m}[1m[32m [built][39m[22m
  [263] [1m./src/flights/AirStateFilterDropdownDirective.js[22m 4.59 kB {[1m[33m0[39m[22m}[1m[32m [built][39m[22m
  [264] [1m./src/flights/FlightStatusDirective.js[22m 2.38 kB {[1m[33m0[39m[22m}[1m[32m [built][39m[22m
  [265] [1m./src/flights/FlightsController.js[22m 37.3 kB {[1m[33m0[39m[22m}[1m[32m [built][39m[22m
  [266] [1m./src/flights/GliderFormDirective.js[22m 1.25 kB {[1m[33m0[39m[22m}[1m[32m [built][39m[22m
  [267] [1m./src/flights/ProcessStateFilterDropdownDirective.js[22m 5.59 kB {[1m[33m0[39m[22m}[1m[32m [built][39m[22m
  [268] [1m./src/flights/TowFormDirective.js[22m 1.24 kB {[1m[33m0[39m[22m}[1m[32m [built][39m[22m
  [269] [1m./src/flights/airmovements/AirMovementAirStateFilterDropdownDirective.js[22m 4.26 kB {[1m[33m0[39m[22m}[1m[32m [built][39m[22m
  [270] [1m./src/flights/airmovements/AirMovementEditFormDirective.js[22m 1.49 kB {[1m[33m0[39m[22m}[1m[32m [built][39m[22m
  [271] [1m./src/flights/airmovements/AirMovementProcessStateFilterDropdownDirective.js[22m 4.53 kB {[1m[33m0[39m[22m}[1m[32m [built][39m[22m
  [272] [1m./src/flights/airmovements/AirMovementStatusDirective.js[22m 2.14 kB {[1m[33m0[39m[22m}[1m[32m [built][39m[22m
  [273] [1m./src/flights/airmovements/AirMovementsController.js[22m 25.1 kB {[1m[33m0[39m[22m}[1m[32m [built][39m[22m
  [274] [1m./src/flights/airmovements/AirMovementsModule.js[22m 4.78 kB {[1m[33m0[39m[22m}[1m[32m [built][39m[22m
  [275] [1m./src/flights/airmovements/AirMovementsServices.js[22m 1.16 kB {[1m[33m0[39m[22m}[1m[32m [built][39m[22m
  [276] [1m./src/index.js[22m 3.75 kB {[1m[33m0[39m[22m}[1m[32m [built][39m[22m
  [277] [1m./src/lostpassword/LostPasswordController.js[22m 2.15 kB {[1m[33m0[39m[22m}[1m[32m [built][39m[22m
  [278] [1m./src/lostpassword/LostPasswordModule.js[22m 968 bytes {[1m[33m0[39m[22m}[1m[32m [built][39m[22m
  [279] [1m./src/main/MainController.js[22m 793 bytes {[1m[33m0[39m[22m}[1m[32m [built][39m[22m
  [280] [1m./src/main/MainModule.js[22m 1.71 kB {[1m[33m0[39m[22m}[1m[32m [built][39m[22m
  [281] [1m./src/main/dashboard/DashboardDirective.js[22m 1.63 kB {[1m[33m0[39m[22m}[1m[32m [built][39m[22m
  [282] [1m./src/masterdata/accountingRules/AccountingRuleFiltersEditDirective.js[22m 1.71 kB {[1m[33m0[39m[22m}[1m[32m [built][39m[22m
  [283] [1m./src/masterdata/accountingRules/AccountingRuleFiltersModule.js[22m 3.39 kB {[1m[33m0[39m[22m}[1m[32m [built][39m[22m
  [284] [1m./src/masterdata/accountingRules/AccountingRuleFiltersServices.js[22m 6.36 kB {[1m[33m0[39m[22m}[1m[32m [built][39m[22m
  [285] [1m./src/masterdata/accountingRules/ArticlesService.js[22m 1.48 kB {[1m[33m0[39m[22m}[1m[32m [built][39m[22m
  [286] [1m./src/masterdata/aircrafts/AircraftFormDirective.js[22m 1.26 kB {[1m[33m0[39m[22m}[1m[32m [built][39m[22m
  [287] [1m./src/masterdata/aircrafts/AircraftTypes.js[22m 568 bytes {[1m[33m0[39m[22m}[1m[32m [built][39m[22m
  [288] [1m./src/masterdata/aircrafts/AircraftsEditDirective.js[22m 1.57 kB {[1m[33m0[39m[22m}[1m[32m [built][39m[22m
  [289] [1m./src/masterdata/aircrafts/AircraftsServices.js[22m 5.59 kB {[1m[33m0[39m[22m}[1m[32m [built][39m[22m
  [290] [1m./src/masterdata/clubs/ClubFormDirective.js[22m 1.23 kB {[1m[33m0[39m[22m}[1m[32m [built][39m[22m
  [291] [1m./src/masterdata/clubs/ClubsEditDirective.js[22m 1.52 kB {[1m[33m0[39m[22m}[1m[32m [built][39m[22m
  [292] [1m./src/masterdata/clubs/ClubsServices.js[22m 3.46 kB {[1m[33m0[39m[22m}[1m[32m [built][39m[22m
  [293] [1m./src/masterdata/deliveries/DeliveriesEditDirective.js[22m 1.58 kB {[1m[33m0[39m[22m}[1m[32m [built][39m[22m
  [294] [1m./src/masterdata/deliveries/DeliveriesModule.js[22m 2.2 kB {[1m[33m0[39m[22m}[1m[32m [built][39m[22m
  [295] [1m./src/masterdata/deliveries/DeliveriesServices.js[22m 3.54 kB {[1m[33m0[39m[22m}[1m[32m [built][39m[22m
  [296] [1m./src/masterdata/deliveryCreationTests/DeliveryCreationTestsEditDirective.js[22m 1.71 kB {[1m[33m0[39m[22m}[1m[32m [built][39m[22m
  [297] [1m./src/masterdata/deliveryCreationTests/DeliveryCreationTestsModule.js[22m 2.72 kB {[1m[33m0[39m[22m}[1m[32m [built][39m[22m
  [298] [1m./src/masterdata/deliveryCreationTests/DeliveryCreationTestsServices.js[22m 4.76 kB {[1m[33m0[39m[22m}[1m[32m [built][39m[22m
  [299] [1m./src/masterdata/flightTypes/FlightTypeFormDirective.js[22m 1.27 kB {[1m[33m0[39m[22m}[1m[32m [built][39m[22m
  [300] [1m./src/masterdata/flightTypes/FlightTypesEditDirective.js[22m 1.59 kB {[1m[33m0[39m[22m}[1m[32m [built][39m[22m
  [301] [1m./src/masterdata/flightTypes/FlightTypesServices.js[22m 3.43 kB {[1m[33m0[39m[22m}[1m[32m [built][39m[22m
  [302] [1m./src/masterdata/locations/LocationFormDirective.js[22m 1.26 kB {[1m[33m0[39m[22m}[1m[32m [built][39m[22m
  [303] [1m./src/masterdata/locations/LocationsEditDirective.js[22m 1.57 kB {[1m[33m0[39m[22m}[1m[32m [built][39m[22m
  [304] [1m./src/masterdata/locations/LocationsModule.js[22m 3.22 kB {[1m[33m0[39m[22m}[1m[32m [built][39m[22m
  [305] [1m./src/masterdata/locations/LocationsServices.js[22m 9.01 kB {[1m[33m0[39m[22m}[1m[32m [built][39m[22m
  [306] [1m./src/masterdata/memberStates/MemberStateFormDirective.js[22m 1.28 kB {[1m[33m0[39m[22m}[1m[32m [built][39m[22m
  [307] [1m./src/masterdata/memberStates/MemberStatesEditDirective.js[22m 1.61 kB {[1m[33m0[39m[22m}[1m[32m [built][39m[22m
  [308] [1m./src/masterdata/memberStates/MemberStatesServices.js[22m 2.42 kB {[1m[33m0[39m[22m}[1m[32m [built][39m[22m
  [309] [1m./src/masterdata/personCategories/PersonCategoriesController.js[22m 2.9 kB {[1m[33m0[39m[22m}[1m[32m [built][39m[22m
  [310] [1m./src/masterdata/personCategories/PersonCategoryService.js[22m 4.15 kB {[1m[33m0[39m[22m}[1m[32m [built][39m[22m
  [311] [1m./src/masterdata/persons/PersonCategoryFilterDropdownDirective.js[22m 6.62 kB {[1m[33m0[39m[22m}[1m[32m [built][39m[22m
  [312] [1m./src/masterdata/persons/PersonFormDirective.js[22m 1.24 kB {[1m[33m0[39m[22m}[1m[32m [built][39m[22m
  [313] [1m./src/masterdata/persons/PersonsEditDirective.js[22m 1.55 kB {[1m[33m0[39m[22m}[1m[32m [built][39m[22m
  [314] [1m./src/masterdata/persons/PersonsServices.js[22m 9.77 kB {[1m[33m0[39m[22m}[1m[32m [built][39m[22m
  [315] [1m./src/masterdata/users/UserFormDirective.js[22m 1.23 kB {[1m[33m0[39m[22m}[1m[32m [built][39m[22m
  [316] [1m./src/masterdata/users/UsersEditDirective.js[22m 1.52 kB {[1m[33m0[39m[22m}[1m[32m [built][39m[22m
  [317] [1m./src/masterdata/users/UsersModule.js[22m 2.82 kB {[1m[33m0[39m[22m}[1m[32m [built][39m[22m
  [318] [1m./src/masterdata/users/UsersServices.js[22m 5.43 kB {[1m[33m0[39m[22m}[1m[32m [built][39m[22m
  [319] [1m./src/passengerflight/PassengerFlightController.js[22m 3.48 kB {[1m[33m0[39m[22m}[1m[32m [built][39m[22m
  [320] [1m./src/passengerflight/PassengerFlightModule.js[22m 1.23 kB {[1m[33m0[39m[22m}[1m[32m [built][39m[22m
  [321] [1m./src/passengerflight/PassengerFlightResourceService.js[22m 1.63 kB {[1m[33m0[39m[22m}[1m[32m [built][39m[22m
  [322] [1m./src/planning/PlanningDayEditController.js[22m 5.11 kB {[1m[33m0[39m[22m}[1m[32m [built][39m[22m
  [323] [1m./src/planning/PlanningDaySetupController.js[22m 1.48 kB {[1m[33m0[39m[22m}[1m[32m [built][39m[22m
  [324] [1m./src/planning/PlanningDaysController.js[22m 3.27 kB {[1m[33m0[39m[22m}[1m[32m [built][39m[22m
  [325] [1m./src/planning/PlanningModule.js[22m 3.58 kB {[1m[33m0[39m[22m}[1m[32m [built][39m[22m
  [326] [1m./src/planning/PlanningService.js[22m 4.2 kB {[1m[33m0[39m[22m}[1m[32m [built][39m[22m
  [327] [1m./src/profile/ProfileController.js[22m 2.75 kB {[1m[33m0[39m[22m}[1m[32m [built][39m[22m
  [328] [1m./src/profile/ProfileModule.js[22m 1.23 kB {[1m[33m0[39m[22m}[1m[32m [built][39m[22m
  [329] [1m./src/reporting/FlightReportsController.js[22m 17.8 kB {[1m[33m0[39m[22m}[1m[32m [built][39m[22m
  [330] [1m./src/reporting/FlightReportsModule.js[22m 3.41 kB {[1m[33m0[39m[22m}[1m[32m [built][39m[22m
  [331] [1m./src/reporting/FlightReportsServices.js[22m 1.65 kB {[1m[33m0[39m[22m}[1m[32m [built][39m[22m
  [332] [1m./src/reservation-scheduler/ReservationSchedulerController.js[22m 17 kB {[1m[33m0[39m[22m}[1m[32m [built][39m[22m
  [333] [1m./src/reservation-scheduler/ReservationSchedulerModule.js[22m 1.6 kB {[1m[33m0[39m[22m}[1m[32m [built][39m[22m
  [334] [1m./src/reservations/ReservationEditController.js[22m 8.38 kB {[1m[33m0[39m[22m}[1m[32m [built][39m[22m
  [335] [1m./src/reservations/ReservationsController.js[22m 3.23 kB {[1m[33m0[39m[22m}[1m[32m [built][39m[22m
  [336] [1m./src/reservations/ReservationsServices.js[22m 5.26 kB {[1m[33m0[39m[22m}[1m[32m [built][39m[22m
  [337] [1m./src/reservations/ReservationsTableDirective.js[22m 1.28 kB {[1m[33m0[39m[22m}[1m[32m [built][39m[22m
  [338] [1m./src/styles/styles.js[22m 303 bytes {[1m[33m0[39m[22m}[1m[32m [built][39m[22m
  [339] [1m./src/system/SystemModule.js[22m 459 bytes {[1m[33m0[39m[22m}[1m[32m [built][39m[22m
  [340] [1m./src/system/logs/LogsDirective.js[22m 1.54 kB {[1m[33m0[39m[22m}[1m[32m [built][39m[22m
  [341] [1m./src/system/logs/LogsModule.js[22m 1.65 kB {[1m[33m0[39m[22m}[1m[32m [built][39m[22m
  [342] [1m./src/system/logs/LogsServices.js[22m 596 bytes {[1m[33m0[39m[22m}[1m[32m [built][39m[22m
  [343] [1m./src/tryflight/TrialFlightResourceService.js[22m 1.96 kB {[1m[33m0[39m[22m}[1m[32m [built][39m[22m
  [344] [1m./src/tryflight/TryFlightController.js[22m 4.07 kB {[1m[33m0[39m[22m}[1m[32m [built][39m[22m
  [345] [1m./src/tryflight/TryFlightModule.js[22m 1.16 kB {[1m[33m0[39m[22m}[1m[32m [built][39m[22m
  [346] [1m./src/vendor/vendor.js[22m 334 bytes {[1m[33m0[39m[22m}[1m[32m [built][39m[22m
  [347] [1m./~/bootstrap/dist/js/npm.js[22m 484 bytes {[1m[33m0[39m[22m}[1m[32m [built][39m[22m
  [348] [1m./~/bootstrap/js/affix.js[22m 4.84 kB {[1m[33m0[39m[22m}[1m[32m [built][39m[22m
  [349] [1m./~/bootstrap/js/alert.js[22m 2.26 kB {[1m[33m0[39m[22m}[1m[32m [built][39m[22m
  [350] [1m./~/bootstrap/js/button.js[22m 3.55 kB {[1m[33m0[39m[22m}[1m[32m [built][39m[22m
  [351] [1m./~/bootstrap/js/carousel.js[22m 7.14 kB {[1m[33m0[39m[22m}[1m[32m [built][39m[22m
  [352] [1m./~/bootstrap/js/collapse.js[22m 5.96 kB {[1m[33m0[39m[22m}[1m[32m [built][39m[22m
  [353] [1m./~/bootstrap/js/dropdown.js[22m 4.72 kB {[1m[33m0[39m[22m}[1m[32m [built][39m[22m
  [354] [1m./~/bootstrap/js/modal.js[22m 9.94 kB {[1m[33m0[39m[22m}[1m[32m [built][39m[22m
  [355] [1m./~/bootstrap/js/popover.js[22m 3.16 kB {[1m[33m0[39m[22m}[1m[32m [built][39m[22m
  [356] [1m./~/bootstrap/js/scrollspy.js[22m 4.71 kB {[1m[33m0[39m[22m}[1m[32m [built][39m[22m
  [357] [1m./~/bootstrap/js/tab.js[22m 3.9 kB {[1m[33m0[39m[22m}[1m[32m [built][39m[22m
  [358] [1m./~/bootstrap/js/tooltip.js[22m 16.3 kB {[1m[33m0[39m[22m}[1m[32m [built][39m[22m
  [359] [1m./~/bootstrap/js/transition.js[22m 1.83 kB {[1m[33m0[39m[22m}[1m[32m [built][39m[22m
  [360] [1m./~/core-js/es6/object.js[22m 882 bytes {[1m[33m0[39m[22m}[1m[32m [built][39m[22m
  [361] [1m./~/core-js/modules/_a-function.js[22m 125 bytes {[1m[33m0[39m[22m}[1m[32m [built][39m[22m
  [362] [1m./~/core-js/modules/_array-includes.js[22m 924 bytes {[1m[33m0[39m[22m}[1m[32m [built][39m[22m
  [363] [1m./~/core-js/modules/_classof.js[22m 718 bytes {[1m[33m0[39m[22m}[1m[32m [built][39m[22m
  [364] [1m./~/core-js/modules/_enum-keys.js[22m 469 bytes {[1m[33m0[39m[22m}[1m[32m [built][39m[22m
  [365] [1m./~/core-js/modules/_html.js[22m 101 bytes {[1m[33m0[39m[22m}[1m[32m [built][39m[22m
  [366] [1m./~/core-js/modules/_is-array.js[22m 147 bytes {[1m[33m0[39m[22m}[1m[32m [built][39m[22m
  [367] [1m./~/core-js/modules/_object-assign.js[22m 1.2 kB {[1m[33m0[39m[22m}[1m[32m [built][39m[22m
  [368] [1m./~/core-js/modules/_object-gpo.js[22m 493 bytes {[1m[33m0[39m[22m}[1m[32m [built][39m[22m
  [369] [1m./~/core-js/modules/_same-value.js[22m 190 bytes {[1m[33m0[39m[22m}[1m[32m [built][39m[22m
  [370] [1m./~/core-js/modules/_set-proto.js[22m 906 bytes {[1m[33m0[39m[22m}[1m[32m [built][39m[22m
  [371] [1m./~/core-js/modules/_set-to-string-tag.js[22m 262 bytes {[1m[33m0[39m[22m}[1m[32m [built][39m[22m
  [372] [1m./~/core-js/modules/_to-absolute-index.js[22m 223 bytes {[1m[33m0[39m[22m}[1m[32m [built][39m[22m
  [373] [1m./~/core-js/modules/_to-length.js[22m 215 bytes {[1m[33m0[39m[22m}[1m[32m [built][39m[22m
  [374] [1m./~/core-js/modules/_wks-define.js[22m 417 bytes {[1m[33m0[39m[22m}[1m[32m [built][39m[22m
  [375] [1m./~/core-js/modules/es6.object.assign.js[22m 162 bytes {[1m[33m0[39m[22m}[1m[32m [built][39m[22m
  [376] [1m./~/core-js/modules/es6.object.create.js[22m 162 bytes {[1m[33m0[39m[22m}[1m[32m [built][39m[22m
  [377] [1m./~/core-js/modules/es6.object.define-properties.js[22m 217 bytes {[1m[33m0[39m[22m}[1m[32m [built][39m[22m
  [378] [1m./~/core-js/modules/es6.object.define-property.js[22m 217 bytes {[1m[33m0[39m[22m}[1m[32m [built][39m[22m
  [379] [1m./~/core-js/modules/es6.object.freeze.js[22m 267 bytes {[1m[33m0[39m[22m}[1m[32m [built][39m[22m
  [380] [1m./~/core-js/modules/es6.object.get-own-property-descriptor.js[22m 342 bytes {[1m[33m0[39m[22m}[1m[32m [built][39m[22m
  [381] [1m./~/core-js/modules/es6.object.get-own-property-names.js[22m 150 bytes {[1m[33m0[39m[22m}[1m[32m [built][39m[22m
  [382] [1m./~/core-js/modules/es6.object.get-prototype-of.js[22m 273 bytes {[1m[33m0[39m[22m}[1m[32m [built][39m[22m
  [383] [1m./~/core-js/modules/es6.object.is-extensible.js[22m 267 bytes {[1m[33m0[39m[22m}[1m[32m [built][39m[22m
  [384] [1m./~/core-js/modules/es6.object.is-frozen.js[22m 243 bytes {[1m[33m0[39m[22m}[1m[32m [built][39m[22m
  [385] [1m./~/core-js/modules/es6.object.is-sealed.js[22m 243 bytes {[1m[33m0[39m[22m}[1m[32m [built][39m[22m
  [386] [1m./~/core-js/modules/es6.object.is.js[22m 139 bytes {[1m[33m0[39m[22m}[1m[32m [built][39m[22m
  [387] [1m./~/core-js/modules/es6.object.keys.js[22m 225 bytes {[1m[33m0[39m[22m}[1m[32m [built][39m[22m
  [388] [1m./~/core-js/modules/es6.object.prevent-extensions.js[22m 334 bytes {[1m[33m0[39m[22m}[1m[32m [built][39m[22m
  [389] [1m./~/core-js/modules/es6.object.seal.js[22m 256 bytes {[1m[33m0[39m[22m}[1m[32m [built][39m[22m
  [390] [1m./~/core-js/modules/es6.object.set-prototype-of.js[22m 160 bytes {[1m[33m0[39m[22m}[1m[32m [built][39m[22m
  [391] [1m./~/core-js/modules/es6.object.to-string.js[22m 321 bytes {[1m[33m0[39m[22m}[1m[32m [built][39m[22m
  [392] [1m./~/core-js/modules/es6.symbol.js[22m 8.83 kB {[1m[33m0[39m[22m}[1m[32m [built][39m[22m
  [393] [1m./~/css-loader!./~/bootstrap/dist/css/bootstrap.min.css[22m 122 kB {[1m[33m0[39m[22m}[1m[32m [built][39m[22m
  [394] [1m./~/css-loader!./~/less-loader!./~/font-awesome-webpack/font-awesome-styles.loader.js!./~/font-awesome-webpack/font-awesome.config.js[22m 28.5 kB {[1m[33m0[39m[22m}[1m[32m [built][39m[22m
  [395] [1m./~/css-loader!./~/pikaday/css/pikaday.css[22m 3.19 kB {[1m[33m0[39m[22m}[1m[32m [built][39m[22m
  [396] [1m./~/css-loader!./~/selectize/dist/css/selectize.bootstrap3.css[22m 8.13 kB {[1m[33m0[39m[22m}[1m[32m [built][39m[22m
  [397] [1m./~/css-loader!./src/styles/flsgui.css[22m 11.1 kB {[1m[33m0[39m[22m}[1m[32m [built][39m[22m
  [398] [1m./~/css-loader!./src/styles/google-lato.css[22m 1.82 kB {[1m[33m0[39m[22m}[1m[32m [built][39m[22m
  [399] [1m./~/css-loader!./src/styles/landing-page.css[22m 2.25 kB {[1m[33m0[39m[22m}[1m[32m [built][39m[22m
  [400] [1m./~/css-loader!./src/styles/linearicons.css[22m 7.81 kB {[1m[33m0[39m[22m}[1m[32m [built][39m[22m
  [401] [1m./~/css-loader!./src/styles/pikaday-theme.css[22m 911 bytes {[1m[33m0[39m[22m}[1m[32m [built][39m[22m
  [402] [1m./~/expose-loader?$!./~/jquery/dist/jquery.js[22m 97 bytes {[1m[33m0[39m[22m}[1m[32m [built][39m[22m
  [403] [1m./~/expose-loader?jQuery!./~/jquery/dist/jquery.js[22m 102 bytes {[1m[33m0[39m[22m}[1m[32m [built][39m[22m
  [404] [1m./~/bootstrap/dist/fonts/glyphicons-halflings-regular.svg[22m 81 bytes {[1m[33m0[39m[22m}[1m[32m [built][39m[22m
  [405] [1m./~/bootstrap/dist/fonts/glyphicons-halflings-regular.ttf[22m 81 bytes {[1m[33m0[39m[22m}[1m[32m [built][39m[22m
  [406] [1m./~/font-awesome/fonts/fontawesome-webfont.eot[22m 81 bytes {[1m[33m0[39m[22m}[1m[32m [built][39m[22m
  [407] [1m./~/font-awesome/fonts/fontawesome-webfont.eot?v=4.4.0[22m 81 bytes {[1m[33m0[39m[22m}[1m[32m [built][39m[22m
  [408] [1m./~/font-awesome/fonts/fontawesome-webfont.svg?v=4.4.0[22m 81 bytes {[1m[33m0[39m[22m}[1m[32m [built][39m[22m
  [409] [1m./~/font-awesome/fonts/fontawesome-webfont.ttf?v=4.4.0[22m 81 bytes {[1m[33m0[39m[22m}[1m[32m [built][39m[22m
  [410] [1m./src/lib/fonts/Linearicons-Free.eot[22m 81 bytes {[1m[33m0[39m[22m}[1m[32m [built][39m[22m
  [411] [1m./src/lib/fonts/Linearicons-Free.eot?w118d[22m 81 bytes {[1m[33m0[39m[22m}[1m[32m [built][39m[22m
  [412] [1m./src/lib/fonts/Linearicons-Free.svg?w118d[22m 81 bytes {[1m[33m0[39m[22m}[1m[32m [built][39m[22m
  [413] [1m./src/lib/fonts/Linearicons-Free.ttf?w118d[22m 81 bytes {[1m[33m0[39m[22m}[1m[32m [built][39m[22m
  [414] [1m./~/font-awesome-webpack/index.js[22m 74 bytes {[1m[33m0[39m[22m}[1m[32m [built][39m[22m
  [415] [1m./~/font-awesome-webpack/~/style-loader/addStyles.js[22m 5.51 kB {[1m[33m0[39m[22m}[1m[32m [built][39m[22m
  [416] [1m./~/font-awesome-webpack/~/style-loader!./~/css-loader!./~/less-loader!./~/font-awesome-webpack/font-awesome-styles.loader.js!./~/font-awesome-webpack/font-awesome.config.js[22m 1.5 kB {[1m[33m0[39m[22m}[1m[32m [built][39m[22m
  [417] [1m./~/highcharts/scripts/highcharts-more.js[22m 23.2 kB {[1m[33m0[39m[22m}[1m[32m [built][39m[22m
  [418] [1m./~/highcharts/scripts/highcharts.js[22m 153 kB {[1m[33m0[39m[22m}[1m[32m [built][39m[22m
  [419] [1m./~/highcharts/scripts/solid-gauge.js[22m 2.6 kB {[1m[33m0[39m[22m}[1m[32m [built][39m[22m
  [420] [1m./~/microplugin/src/microplugin.js[22m 3.33 kB {[1m[33m0[39m[22m}[1m[32m [built][39m[22m
  [421] [1m./~/moment/locale ^\.\/.*$[22m 2.98 kB {[1m[33m0[39m[22m}[1m[33m [optional][39m[22m[1m[32m [built][39m[22m
  [422] [1m./~/pikaday-angular/pikaday-angular.js[22m 3.75 kB {[1m[33m0[39m[22m}[1m[32m [built][39m[22m
  [423] [1m./src/confirm/confirm-email.html[22m 2.41 kB {[1m[33m0[39m[22m}[1m[32m [built][39m[22m
  [424] [1m./src/core/directives/busyIndicator/busy-indicator-directive.html[22m 264 bytes {[1m[33m0[39m[22m}[1m[32m [built][39m[22m
  [425] [1m./src/core/directives/checkBox/check-box-directive.html[22m 157 bytes {[1m[33m0[39m[22m}[1m[32m [built][39m[22m
  [426] [1m./src/core/directives/checkBox/labelled-check-box-directive.html[22m 256 bytes {[1m[33m0[39m[22m}[1m[32m [built][39m[22m
  [427] [1m./src/core/directives/dataTable/data-table-directive.html[22m 513 bytes {[1m[33m0[39m[22m}[1m[32m [built][39m[22m
  [428] [1m./src/core/directives/history/history-directive.html[22m 208 bytes {[1m[33m0[39m[22m}[1m[32m [built][39m[22m
  [429] [1m./src/core/directives/history/history-table.html[22m 1.71 kB {[1m[33m0[39m[22m}[1m[32m [built][39m[22m
  [430] [1m./src/core/directives/loginForm/login-form-directive.html[22m 2.15 kB {[1m[33m0[39m[22m}[1m[32m [built][39m[22m
  [431] [1m./src/core/directives/masterdataLink/masterdata-link-directive.html[22m 206 bytes {[1m[33m0[39m[22m}[1m[32m [built][39m[22m
  [432] [1m./src/core/directives/messageBar/message-bar-directive.html[22m 1.27 kB {[1m[33m0[39m[22m}[1m[32m [built][39m[22m
  [433] [1m./src/core/directives/navigationBar/navigation-bar-directive.html[22m 9.81 kB {[1m[33m0[39m[22m}[1m[32m [built][39m[22m
  [434] [1m./src/core/directives/searchBar/search-bar-directive.html[22m 1.15 kB {[1m[33m0[39m[22m}[1m[32m [built][39m[22m
  [435] [1m./src/core/directives/simpleSearchBar/simple-search-bar-directive.html[22m 466 bytes {[1m[33m0[39m[22m}[1m[32m [built][39m[22m
  [436] [1m./src/core/directives/tree/editable-tree-directive.html[22m 1.49 kB {[1m[33m0[39m[22m}[1m[32m [built][39m[22m
  [437] [1m./src/core/tableFilters/date-filter.html[22m 147 bytes {[1m[33m0[39m[22m}[1m[32m [built][39m[22m
  [438] [1m./src/flights/airmovements/air-movement-status-icon.html[22m 1.01 kB {[1m[33m0[39m[22m}[1m[32m [built][39m[22m
  [439] [1m./src/flights/airmovements/air-movements.html[22m 7.54 kB {[1m[33m0[39m[22m}[1m[32m [built][39m[22m
  [440] [1m./src/flights/airmovements/tableFilters/air-movement-air-state-filter.html[22m 173 bytes {[1m[33m0[39m[22m}[1m[32m [built][39m[22m
  [441] [1m./src/flights/airmovements/tableFilters/air-movement-process-state-filter.html[22m 181 bytes {[1m[33m0[39m[22m}[1m[32m [built][39m[22m
  [442] [1m./src/flights/flight-edit-glider-form.html[22m 27.6 kB {[1m[33m0[39m[22m}[1m[32m [built][39m[22m
  [443] [1m./src/flights/flight-edit-tow-form.html[22m 13.2 kB {[1m[33m0[39m[22m}[1m[32m [built][39m[22m
  [444] [1m./src/flights/flight-status-icon.html[22m 2.01 kB {[1m[33m0[39m[22m}[1m[32m [built][39m[22m
  [445] [1m./src/flights/flights.html[22m 10.5 kB {[1m[33m0[39m[22m}[1m[32m [built][39m[22m
  [446] [1m./src/flights/tableFilters/air-state-filter.html[22m 147 bytes {[1m[33m0[39m[22m}[1m[32m [built][39m[22m
  [447] [1m./src/flights/tableFilters/process-state-filter.html[22m 155 bytes {[1m[33m0[39m[22m}[1m[32m [built][39m[22m
  [448] [1m./src/lostpassword/lostpassword.html[22m 1.92 kB {[1m[33m0[39m[22m}[1m[32m [built][39m[22m
  [449] [1m./src/main/dashboard/dashboard.html[22m 8.53 kB {[1m[33m0[39m[22m}[1m[32m [built][39m[22m
  [450] [1m./src/main/main.html[22m 6.35 kB {[1m[33m0[39m[22m}[1m[32m [built][39m[22m
  [451] [1m./src/masterdata/accountingRules/accountingRuleFilters-table.html[22m 2.63 kB {[1m[33m0[39m[22m}[1m[32m [built][39m[22m
  [452] [1m./src/masterdata/accountingRules/accountingRuleFilters.html[22m 176 bytes {[1m[33m0[39m[22m}[1m[32m [built][39m[22m
  [453] [1m./src/masterdata/aircrafts/aircraft-form-fields.html[22m 14.4 kB {[1m[33m0[39m[22m}[1m[32m [built][39m[22m
  [454] [1m./src/masterdata/aircrafts/aircrafts-edit.html[22m 1.25 kB {[1m[33m0[39m[22m}[1m[32m [built][39m[22m
  [455] [1m./src/masterdata/aircrafts/aircrafts-table.html[22m 1.69 kB {[1m[33m0[39m[22m}[1m[32m [built][39m[22m
  [456] [1m./src/masterdata/aircrafts/aircrafts.html[22m 136 bytes {[1m[33m0[39m[22m}[1m[32m [built][39m[22m
  [457] [1m./src/masterdata/clubs/club-form-fields.html[22m 12.6 kB {[1m[33m0[39m[22m}[1m[32m [built][39m[22m
  [458] [1m./src/masterdata/clubs/clubs-edit.html[22m 1.2 kB {[1m[33m0[39m[22m}[1m[32m [built][39m[22m
  [459] [1m./src/masterdata/clubs/clubs-table.html[22m 1.09 kB {[1m[33m0[39m[22m}[1m[32m [built][39m[22m
  [460] [1m./src/masterdata/clubs/clubs.html[22m 124 bytes {[1m[33m0[39m[22m}[1m[32m [built][39m[22m
  [461] [1m./src/masterdata/deliveries/deliveries-edit.html[22m 8.91 kB {[1m[33m0[39m[22m}[1m[32m [built][39m[22m
  [462] [1m./src/masterdata/deliveries/deliveries-table.html[22m 2.8 kB {[1m[33m0[39m[22m}[1m[32m [built][39m[22m
  [463] [1m./src/masterdata/deliveries/deliveries.html[22m 150 bytes {[1m[33m0[39m[22m}[1m[32m [built][39m[22m
  [464] [1m./src/masterdata/deliveryCreationTests/deliveryCreationTests-edit.html[22m 8.4 kB {[1m[33m0[39m[22m}[1m[32m [built][39m[22m
  [465] [1m./src/masterdata/deliveryCreationTests/deliveryCreationTests-table.html[22m 3.46 kB {[1m[33m0[39m[22m}[1m[32m [built][39m[22m
  [466] [1m./src/masterdata/deliveryCreationTests/deliveryCreationTests.html[22m 176 bytes {[1m[33m0[39m[22m}[1m[32m [built][39m[22m
  [467] [1m./src/masterdata/flightTypes/flight-type-form-fields.html[22m 3.33 kB {[1m[33m0[39m[22m}[1m[32m [built][39m[22m
  [468] [1m./src/masterdata/flightTypes/flight-types-edit.html[22m 1.22 kB {[1m[33m0[39m[22m}[1m[32m [built][39m[22m
  [469] [1m./src/masterdata/flightTypes/flight-types-table.html[22m 3.07 kB {[1m[33m0[39m[22m}[1m[32m [built][39m[22m
  [470] [1m./src/masterdata/flightTypes/flight-types.html[22m 144 bytes {[1m[33m0[39m[22m}[1m[32m [built][39m[22m
  [471] [1m./src/masterdata/locations/countries-dropdown-filter.html[22m 461 bytes {[1m[33m0[39m[22m}[1m[32m [built][39m[22m
  [472] [1m./src/masterdata/locations/location-form-fields.html[22m 9.4 kB {[1m[33m0[39m[22m}[1m[32m [built][39m[22m
  [473] [1m./src/masterdata/locations/locations-edit.html[22m 1.23 kB {[1m[33m0[39m[22m}[1m[32m [built][39m[22m
  [474] [1m./src/masterdata/locations/locations-table.html[22m 1.49 kB {[1m[33m0[39m[22m}[1m[32m [built][39m[22m
  [475] [1m./src/masterdata/locations/locations.html[22m 136 bytes {[1m[33m0[39m[22m}[1m[32m [built][39m[22m
  [476] [1m./src/masterdata/memberStates/member-state-form-fields.html[22m 284 bytes {[1m[33m0[39m[22m}[1m[32m [built][39m[22m
  [477] [1m./src/masterdata/memberStates/member-states-edit.html[22m 1.25 kB {[1m[33m0[39m[22m}[1m[32m [built][39m[22m
  [478] [1m./src/masterdata/memberStates/member-states-table.html[22m 1.31 kB {[1m[33m0[39m[22m}[1m[32m [built][39m[22m
  [479] [1m./src/masterdata/memberStates/member-states.html[22m 147 bytes {[1m[33m0[39m[22m}[1m[32m [built][39m[22m
  [480] [1m./src/masterdata/personCategories/person-categories.html[22m 790 bytes {[1m[33m0[39m[22m}[1m[32m [built][39m[22m
  [481] [1m./src/masterdata/persons/person-form-fields.html[22m 24.9 kB {[1m[33m0[39m[22m}[1m[32m [built][39m[22m
  [482] [1m./src/masterdata/persons/persons-edit.html[22m 1.25 kB {[1m[33m0[39m[22m}[1m[32m [built][39m[22m
  [483] [1m./src/masterdata/persons/persons-table.html[22m 2.06 kB {[1m[33m0[39m[22m}[1m[32m [built][39m[22m
  [484] [1m./src/masterdata/persons/persons.html[22m 150 bytes {[1m[33m0[39m[22m}[1m[32m [built][39m[22m
  [485] [1m./src/masterdata/persons/tableFilters/person-category-filter.html[22m 162 bytes {[1m[33m0[39m[22m}[1m[32m [built][39m[22m
  [486] [1m./src/masterdata/users/user-form-fields.html[22m 3.9 kB {[1m[33m0[39m[22m}[1m[32m [built][39m[22m
  [487] [1m./src/masterdata/users/users-edit.html[22m 1.87 kB {[1m[33m0[39m[22m}[1m[32m [built][39m[22m
  [488] [1m./src/masterdata/users/users-table.html[22m 1.69 kB {[1m[33m0[39m[22m}[1m[32m [built][39m[22m
  [489] [1m./src/masterdata/users/users.html[22m 160 bytes {[1m[33m0[39m[22m}[1m[32m [built][39m[22m
  [490] [1m./src/passengerflight/passengerflight.html[22m 17.5 kB {[1m[33m0[39m[22m}[1m[32m [built][39m[22m
  [491] [1m./src/planning/planning-edit.html[22m 15.5 kB {[1m[33m0[39m[22m}[1m[32m [built][39m[22m
  [492] [1m./src/planning/planning-setup.html[22m 3.16 kB {[1m[33m0[39m[22m}[1m[32m [built][39m[22m
  [493] [1m./src/planning/planning.html[22m 4.55 kB {[1m[33m0[39m[22m}[1m[32m [built][39m[22m
  [494] [1m./src/profile/profile.html[22m 3.83 kB {[1m[33m0[39m[22m}[1m[32m [built][39m[22m
  [495] [1m./src/reporting/flightreport-custom-configuration.html[22m 4.33 kB {[1m[33m0[39m[22m}[1m[32m [built][39m[22m
  [496] [1m./src/reporting/flightreports.html[22m 5.94 kB {[1m[33m0[39m[22m}[1m[32m [built][39m[22m
  [497] [1m./src/reservation-scheduler/reservation-scheduler.html[22m 23.6 kB {[1m[33m0[39m[22m}[1m[32m [built][39m[22m
  [498] [1m./src/reservations/reservations-edit.html[22m 10.4 kB {[1m[33m0[39m[22m}[1m[32m [built][39m[22m
  [499] [1m./src/reservations/reservations-table.html[22m 3.15 kB {[1m[33m0[39m[22m}[1m[32m [built][39m[22m
  [500] [1m./src/reservations/reservations.html[22m 327 bytes {[1m[33m0[39m[22m}[1m[32m [built][39m[22m
  [501] [1m./src/system/logs/logs-table.html[22m 984 bytes {[1m[33m0[39m[22m}[1m[32m [built][39m[22m
  [502] [1m./src/system/logs/logs.html[22m 123 bytes {[1m[33m0[39m[22m}[1m[32m [built][39m[22m
  [503] [1m./src/tryflight/tryflight.html[22m 19.2 kB {[1m[33m0[39m[22m}[1m[32m [built][39m[22m
  [504] [1m./~/sifter/sifter.js[22m 12.9 kB {[1m[33m0[39m[22m}[1m[32m [built][39m[22m
  [505] [1m./~/bootstrap/dist/css/bootstrap.min.css[22m 903 bytes {[1m[33m0[39m[22m}[1m[32m [built][39m[22m
  [506] [1m./~/pikaday/css/pikaday.css[22m 873 bytes {[1m[33m0[39m[22m}[1m[32m [built][39m[22m
  [507] [1m./~/selectize/dist/css/selectize.bootstrap3.css[22m 924 bytes {[1m[33m0[39m[22m}[1m[32m [built][39m[22m
  [508] [1m./src/styles/flsgui.css[22m 922 bytes {[1m[33m0[39m[22m}[1m[32m [built][39m[22m
  [509] [1m./src/styles/google-lato.css[22m 937 bytes {[1m[33m0[39m[22m}[1m[32m [built][39m[22m
  [510] [1m./src/styles/landing-page.css[22m 940 bytes {[1m[33m0[39m[22m}[1m[32m [built][39m[22m
  [511] [1m./src/styles/linearicons.css[22m 937 bytes {[1m[33m0[39m[22m}[1m[32m [built][39m[22m
  [512] [1m./src/styles/pikaday-theme.css[22m 943 bytes {[1m[33m0[39m[22m}[1m[32m [built][39m[22m
  [513] [1m./~/bootstrap/dist/fonts/glyphicons-halflings-regular.woff[22m 82 bytes {[1m[33m0[39m[22m}[1m[32m [built][39m[22m
  [514] [1m./~/bootstrap/dist/fonts/glyphicons-halflings-regular.woff2[22m 83 bytes {[1m[33m0[39m[22m}[1m[32m [built][39m[22m
  [515] [1m./~/font-awesome/fonts/fontawesome-webfont.woff2?v=4.4.0[22m 83 bytes {[1m[33m0[39m[22m}[1m[32m [built][39m[22m
  [516] [1m./~/font-awesome/fonts/fontawesome-webfont.woff?v=4.4.0[22m 82 bytes {[1m[33m0[39m[22m}[1m[32m [built][39m[22m
  [517] [1m./src/lib/fonts/1YwB1sO8YE1Lyjf12WNiUA.woff2[22m 83 bytes {[1m[33m0[39m[22m}[1m[32m [built][39m[22m
  [518] [1m./src/lib/fonts/2HG_tEPiQ4Z6795cGfdivD8E0i7KZn-EPnyo3HZu7kw.woff[22m 82 bytes {[1m[33m0[39m[22m}[1m[32m [built][39m[22m
  [519] [1m./src/lib/fonts/2HG_tEPiQ4Z6795cGfdivFtXRa8TVwTICgirnJhmVJw.woff2[22m 83 bytes {[1m[33m0[39m[22m}[1m[32m [built][39m[22m
  [520] [1m./src/lib/fonts/9k-RPmcnxYEPm8CNFsH2gg.woff[22m 82 bytes {[1m[33m0[39m[22m}[1m[32m [built][39m[22m
  [521] [1m./src/lib/fonts/EsvMC5un3kjyUhB9ZEPPwg.woff2[22m 83 bytes {[1m[33m0[39m[22m}[1m[32m [built][39m[22m
  [522] [1m./src/lib/fonts/H2DMvhDLycM56KNuAtbJYA.woff2[22m 83 bytes {[1m[33m0[39m[22m}[1m[32m [built][39m[22m
  [523] [1m./src/lib/fonts/HkF_qI1x_noxlxhrhMQYED8E0i7KZn-EPnyo3HZu7kw.woff[22m 82 bytes {[1m[33m0[39m[22m}[1m[32m [built][39m[22m
  [524] [1m./src/lib/fonts/HkF_qI1x_noxlxhrhMQYEFtXRa8TVwTICgirnJhmVJw.woff2[22m 83 bytes {[1m[33m0[39m[22m}[1m[32m [built][39m[22m
  [525] [1m./src/lib/fonts/KT3KS9Aol4WfR6Vas8kNcg.woff[22m 82 bytes {[1m[33m0[39m[22m}[1m[32m [built][39m[22m
  [526] [1m./src/lib/fonts/Linearicons-Free.woff2?w118d[22m 83 bytes {[1m[33m0[39m[22m}[1m[32m [built][39m[22m
  [527] [1m./src/lib/fonts/Linearicons-Free.woff?w118d[22m 82 bytes {[1m[33m0[39m[22m}[1m[32m [built][39m[22m
  [528] [1m./src/lib/fonts/PLygLKRVCQnA5fhu3qk5fQ.woff2[22m 83 bytes {[1m[33m0[39m[22m}[1m[32m [built][39m[22m
  [529] [1m./src/lib/fonts/oUan5VrEkpzIazlUe5ieaA.woff[22m 82 bytes {[1m[33m0[39m[22m}[1m[32m [built][39m[22m
  [530] [1m./src/lib/fonts/wkfQbvfT_02e2IWO3yYueQ.woff[22m 82 bytes {[1m[33m0[39m[22m}[1m[32m [built][39m[22m
  [531] [1m./src/images/cockpit.jpg[22m 81 bytes {[1m[33m0[39m[22m}[1m[32m [built][39m[22m
  [532] [1m./src/images/datacenter.jpg[22m 81 bytes {[1m[33m0[39m[22m}[1m[32m [built][39m[22m
  [533] [1m./src/images/intro-bg.jpg[22m 81 bytes {[1m[33m0[39m[22m}[1m[32m [built][39m[22m
  [534] [1m./src/images/planning.jpg[22m 81 bytes {[1m[33m0[39m[22m}[1m[32m [built][39m[22m
  [535] [1m./src/images/tower.jpg[22m 81 bytes {[1m[33m0[39m[22m}[1m[32m [built][39m[22m
Child [1mhtml-webpack-plugin for "index.html"[22m:
         [1mAsset[22m     [1mSize[22m  [1mChunks[22m  [1m[22m     [1mChunk Names[22m
    [1m[32mindex.html[39m[22m  9.91 kB       [1m0[22m  [1m[32m[39m[22m     
    chunk    {[1m[33m0[39m[22m} [1m[32mindex.html[39m[22m 3.27 kB[1m[32m [rendered][39m[22m
        [0] [1m./~/html-webpack-plugin/lib/loader.js!./src/index.html[22m 3.27 kB {[1m[33m0[39m[22m}[1m[32m [built][39m[22m
webpack: bundle is now VALID.
